<?xml version="1.0" encoding="UTF-8"?>
<!-- Generated by org.testng.reporters.JUnitXMLReporter -->
<testsuite ignored="2" hostname="DESKTOP-IT8112N" failures="0" tests="1" name="Default test" time="1.334" errors="0" timestamp="2022-10-15T13:15:58 IST">
  <testcase classname="testcase.Database" name="Dele" time="1.299"/>
  <testcase classname="testcase.Database" name="Test" time="0.0">
    <ignored/>
  </testcase> <!-- Test -->
  <testcase classname="testcase.Database" name="POST_METHOD2" time="0.0">
    <ignored/>
  </testcase> <!-- POST_METHOD2 -->
</testsuite> <!-- Default test -->
