<?xml version="1.0" encoding="UTF-8"?>
<testng-results ignored="2" total="3" passed="1" failed="0" skipped="0">
  <reporter-output>
  </reporter-output>
  <suite started-at="2022-10-15T13:15:56 IST" name="Default suite" finished-at="2022-10-15T13:15:58 IST" duration-ms="1334">
    <groups>
    </groups>
    <test started-at="2022-10-15T13:15:56 IST" name="Default test" finished-at="2022-10-15T13:15:58 IST" duration-ms="1334">
      <class name="testcase.Database">
        <test-method signature="Dele()[pri:0, instance:testcase.Database@72f926e6]" started-at="2022-10-15T13:15:56 IST" name="Dele" finished-at="2022-10-15T13:15:58 IST" duration-ms="1299" status="PASS">
          <reporter-output>
          </reporter-output>
        </test-method> <!-- Dele -->
      </class> <!-- testcase.Database -->
    </test> <!-- Default test -->
  </suite> <!-- Default suite -->
</testng-results>
